#
# There is insufficient memory for the Java Runtime Environment to continue.
# Native memory allocation (mmap) failed to map 266338304 bytes for G1 virtual space
# Possible reasons:
#   The system is out of physical RAM or swap space
#   The process is running with CompressedOops enabled, and the Java Heap may be blocking the growth of the native heap
# Possible solutions:
#   Reduce memory load on the system
#   Increase physical memory or swap space
#   Check if swap backing store is full
#   Decrease Java heap size (-Xmx/-Xms)
#   Decrease number of Java threads
#   Decrease Java thread stack sizes (-Xss)
#   Set larger code cache with -XX:ReservedCodeCacheSize=
#   JVM is running with Zero Based Compressed Oops mode in which the Java heap is
#     placed in the first 32GB address space. The Java Heap base address is the
#     maximum limit for the native heap growth. Please use -XX:HeapBaseMinAddress
#     to set the Java Heap base and to place the Java Heap above 32GB virtual address.
# This output file may be truncated or incomplete.
#
#  Out of Memory Error (./open/src/hotspot/os/windows/os_windows.cpp:3321), pid=10040, tid=3280
#
# JRE version:  (15.0.2+7) (build )
# Java VM: OpenJDK 64-Bit Server VM (15.0.2+7-27, mixed mode, sharing, tiered, compressed oops, g1 gc, windows-amd64)
# No core dump will be written. Minidumps are not enabled by default on client versions of Windows
#

---------------  S U M M A R Y ------------

Command Line: -Dfile.encoding=UTF-8 -XX:+ShowCodeDetailsInExceptionMessages Com.SeleniumAutomation.DriverScript

Host: 11th Gen Intel(R) Core(TM) i7-1165G7 @ 2.80GHz, 8 cores, 15G,  Windows 10 , 64 bit Build 19041 (10.0.19041.928)
Time: Fri Jun  4 16:37:40 2021 India Standard Time elapsed time: 0.009148 seconds (0d 0h 0m 0s)

---------------  T H R E A D  ---------------

Current thread (0x000001de86344b40):  JavaThread "Unknown thread" [_thread_in_vm, id=3280, stack(0x000000b9ba900000,0x000000b9baa00000)]

Stack: [0x000000b9ba900000,0x000000b9baa00000]
Native frames: (J=compiled Java code, j=interpreted, Vv=VM code, C=native code)
V  [jvm.dll+0x62ae9a]
V  [jvm.dll+0x7817a9]
V  [jvm.dll+0x782f03]
V  [jvm.dll+0x783563]
V  [jvm.dll+0x216325]
V  [jvm.dll+0x6281d9]
V  [jvm.dll+0x61cf55]
V  [jvm.dll+0x2cffdd]
V  [jvm.dll+0x2cfe42]
V  [jvm.dll+0x2d5e1c]
V  [jvm.dll+0x32590a]
V  [jvm.dll+0x324fd4]
V  [jvm.dll+0x2a6f5a]
V  [jvm.dll+0x2a80f8]
V  [jvm.dll+0x75e241]
V  [jvm.dll+0x3341c4]
V  [jvm.dll+0x73e926]
V  [jvm.dll+0x3b7557]
V  [jvm.dll+0x3b8fe1]
C  [jli.dll+0x52fb]
C  [ucrtbase.dll+0x21bb2]
C  [KERNEL32.DLL+0x17034]
C  [ntdll.dll+0x52651]


---------------  P R O C E S S  ---------------

Threads class SMR info:
_java_thread_list=0x00007ffd67614ff0, length=0, elements={
}

Java Threads: ( => current thread )

Other Threads:
  0x000001de863900e0 GCTaskThread "GC Thread#0" [stack: 0x000000b9baa00000,0x000000b9bab00000] [id=22252]
  0x000001de863a36c0 ConcurrentGCThread "G1 Main Marker" [stack: 0x000000b9bab00000,0x000000b9bac00000] [id=27612]
  0x000001de863a42b0 ConcurrentGCThread "G1 Conc#0" [stack: 0x000000b9bac00000,0x000000b9bad00000] [id=12752]

[error occurred during error reporting (printing all threads), id 0xc0000005, EXCEPTION_ACCESS_VIOLATION (0xc0000005) at pc=0x00007ffd66e07e27]

VM state: not at safepoint (not fully initialized)

VM Mutex/Monitor currently owned by a thread:  ([mutex/lock_event])
[0x000001de86341ce0] Heap_lock - owner thread: 0x000001de86344b40

Heap address: 0x0000000703a00000, size: 4038 MB, Compressed Oops mode: Zero based, Oop shift amount: 3
CDS archive(s) mapped at: [0x0000000000000000-0x0000000000000000-0x0000000000000000), size 0, SharedBaseAddress: 0x0000000800000000, ArchiveRelocationMode: 0.
Narrow klass base: 0x0000000000000000, Narrow klass shift: 0, Narrow klass range: 0x0

Heap:
 garbage-first heap   total 260096K, used 0K [0x0000000703a00000, 0x0000000800000000)
  region size 2048K, 0 young (0K), 0 survivors (0K)
 Metaspace       used 0K, capacity 0K, committed 0K, reserved 0K
  class space    used 0K, capacity 0K, committed 0K, reserved 0K

Heap Regions: E=young(eden), S=young(survivor), O=old, HS=humongous(starts), HC=humongous(continues), CS=collection set, F=free, OA=open archive, CA=closed archive, TAMS=top-at-mark-start (previous, next)

Card table byte_map: [0x000001de99870000,0x000001de9a060000] _byte_map_base: 0x000001de96053000

Marking Bits (Prev, Next): (CMBitMap*) 0x000001de86391960, (CMBitMap*) 0x000001de863919a0
 Prev Bits: [0x000001de9a850000, 0x000001de9e768000)
 Next Bits: [0x000001de9e770000, 0x000001dea2688000)

GC Heap History (0 events):
No events

Deoptimization events (0 events):
No events

Classes unloaded (0 events):
No events

Classes redefined (0 events):
No events

Internal exceptions (0 events):
No events

Events (1 events):
Event: 0.004 Loaded shared library C:\Users\MY PC\.p2\pool\plugins\org.eclipse.justj.openjdk.hotspot.jre.full.win32.x86_64_15.0.2.v20210201-0955\jre\bin\java.dll


Dynamic libraries:
0x00007ff7f0f30000 - 0x00007ff7f0f3d000 	C:\Users\MY PC\.p2\pool\plugins\org.eclipse.justj.openjdk.hotspot.jre.full.win32.x86_64_15.0.2.v20210201-0955\jre\bin\javaw.exe
0x00007ffdba5d0000 - 0x00007ffdba7c5000 	C:\windows\SYSTEM32\ntdll.dll
0x00007ffdb8700000 - 0x00007ffdb87bd000 	C:\windows\System32\KERNEL32.DLL
0x00007ffdb8260000 - 0x00007ffdb8528000 	C:\windows\System32\KERNELBASE.dll
0x00007ffdb8530000 - 0x00007ffdb8630000 	C:\windows\System32\ucrtbase.dll
0x00007ffdabd30000 - 0x00007ffdabd49000 	C:\Users\MY PC\.p2\pool\plugins\org.eclipse.justj.openjdk.hotspot.jre.full.win32.x86_64_15.0.2.v20210201-0955\jre\bin\VCRUNTIME140.dll
0x00007ffdab9e0000 - 0x00007ffdab9f8000 	C:\Users\MY PC\.p2\pool\plugins\org.eclipse.justj.openjdk.hotspot.jre.full.win32.x86_64_15.0.2.v20210201-0955\jre\bin\jli.dll
0x00007ffdb9c20000 - 0x00007ffdb9dc0000 	C:\windows\System32\USER32.dll
0x00007ffdb7fa0000 - 0x00007ffdb7fc2000 	C:\windows\System32\win32u.dll
0x00007ffdb86d0000 - 0x00007ffdb86fa000 	C:\windows\System32\GDI32.dll
0x00007ffd9abf0000 - 0x00007ffd9ae8a000 	C:\windows\WinSxS\amd64_microsoft.windows.common-controls_6595b64144ccf1df_6.0.19041.844_none_ca00b6081b84eb1d\COMCTL32.dll
0x00007ffdb7d60000 - 0x00007ffdb7e6b000 	C:\windows\System32\gdi32full.dll
0x00007ffdba0d0000 - 0x00007ffdba16e000 	C:\windows\System32\msvcrt.dll
0x00007ffdb7ea0000 - 0x00007ffdb7f3d000 	C:\windows\System32\msvcp_win.dll
0x00007ffdb90f0000 - 0x00007ffdb9120000 	C:\windows\System32\IMM32.DLL
0x00007ffd9f430000 - 0x00007ffd9f43c000 	C:\Users\MY PC\.p2\pool\plugins\org.eclipse.justj.openjdk.hotspot.jre.full.win32.x86_64_15.0.2.v20210201-0955\jre\bin\vcruntime140_1.dll
0x00007ffd74150000 - 0x00007ffd741e1000 	C:\Users\MY PC\.p2\pool\plugins\org.eclipse.justj.openjdk.hotspot.jre.full.win32.x86_64_15.0.2.v20210201-0955\jre\bin\msvcp140.dll
0x00007ffd66b50000 - 0x00007ffd676ae000 	C:\Users\MY PC\.p2\pool\plugins\org.eclipse.justj.openjdk.hotspot.jre.full.win32.x86_64_15.0.2.v20210201-0955\jre\bin\server\jvm.dll
0x00007ffdb9dc0000 - 0x00007ffdb9e6c000 	C:\windows\System32\ADVAPI32.dll
0x00007ffdb8630000 - 0x00007ffdb86cb000 	C:\windows\System32\sechost.dll
0x00007ffdb9fa0000 - 0x00007ffdba0cb000 	C:\windows\System32\RPCRT4.dll
0x00007ffdb9f90000 - 0x00007ffdb9f98000 	C:\windows\System32\PSAPI.DLL
0x00007ffdadb60000 - 0x00007ffdadb69000 	C:\windows\SYSTEM32\WSOCK32.dll
0x00007ffd989a0000 - 0x00007ffd989c7000 	C:\windows\SYSTEM32\WINMM.dll
0x00007ffdb9bb0000 - 0x00007ffdb9c1b000 	C:\windows\System32\WS2_32.dll
0x00007ffdaaa40000 - 0x00007ffdaaa4a000 	C:\windows\SYSTEM32\VERSION.dll
0x00007ffdb65e0000 - 0x00007ffdb65f2000 	C:\windows\SYSTEM32\kernel.appcore.dll
0x00007ffdad440000 - 0x00007ffdad44a000 	C:\Users\MY PC\.p2\pool\plugins\org.eclipse.justj.openjdk.hotspot.jre.full.win32.x86_64_15.0.2.v20210201-0955\jre\bin\jimage.dll
0x00007ffdb59a0000 - 0x00007ffdb5b84000 	C:\windows\SYSTEM32\DBGHELP.DLL
0x00007ffd93a00000 - 0x00007ffd93a2c000 	C:\windows\SYSTEM32\dbgcore.DLL
0x00007ffdb81e0000 - 0x00007ffdb8260000 	C:\windows\System32\bcryptPrimitives.dll
0x00007ffd712a0000 - 0x00007ffd712c5000 	C:\Users\MY PC\.p2\pool\plugins\org.eclipse.justj.openjdk.hotspot.jre.full.win32.x86_64_15.0.2.v20210201-0955\jre\bin\java.dll

dbghelp: loaded successfully - version: 4.0.5 - missing functions: none
symbol engine: initialized successfully - sym options: 0x614 - pdb path: .;C:\Users\MY PC\.p2\pool\plugins\org.eclipse.justj.openjdk.hotspot.jre.full.win32.x86_64_15.0.2.v20210201-0955\jre\bin;C:\windows\SYSTEM32;C:\windows\WinSxS\amd64_microsoft.windows.common-controls_6595b64144ccf1df_6.0.19041.844_none_ca00b6081b84eb1d;C:\Users\MY PC\.p2\pool\plugins\org.eclipse.justj.openjdk.hotspot.jre.full.win32.x86_64_15.0.2.v20210201-0955\jre\bin\server

VM Arguments:
jvm_args: -Dfile.encoding=UTF-8 -XX:+ShowCodeDetailsInExceptionMessages 
java_command: Com.SeleniumAutomation.DriverScript
java_class_path (initial): D:\Automation\Framework\target\classes;C:\Users\MY PC\.p2\pool\plugins\org.testng_7.4.0.r202105021533.jar;C:\Users\MY PC\.p2\pool\plugins\com.beust.jcommander_1.78.0.jar;C:\Users\MY PC\.p2\pool\plugins\org.apache-extras.beanshell.bsh_2.0.0.b6.jar;C:\Users\MY PC\.p2\pool\plugins\org.yaml.snakeyaml_1.21.0.jar;C:\Users\MY PC\.m2\repository\io\appium\java-client\6.1.0\java-client-6.1.0.jar;C:\Users\MY PC\.m2\repository\com\beust\jcommander\1.78\jcommander-1.78.jar;C:\Users\MY PC\.m2\repository\com\aventstack\extentreports\3.1.5\extentreports-3.1.5.jar;C:\Users\MY PC\.m2\repository\org\freemarker\freemarker\2.3.23\freemarker-2.3.23.jar;C:\Users\MY PC\.m2\repository\org\mongodb\mongodb-driver\3.3.0\mongodb-driver-3.3.0.jar;C:\Users\MY PC\.m2\repository\org\mongodb\bson\3.3.0\bson-3.3.0.jar;C:\Users\MY PC\.m2\repository\org\mongodb\mongodb-driver-core\3.3.0\mongodb-driver-core-3.3.0.jar;C:\Users\MY PC\.m2\repository\org\apache\httpcomponents\httpclient\4.5.2\httpclient-4.5.2.jar;C:\Users\MY PC\.m2\repository\org\apache\httpcomponents\httpcore\4.4.4\httpcore-4.4.4.jar;C:\Users\MY PC\.m2\repository\commons-logging\commons-logging\1.2\commons-logging-1.2.jar;C:\Users\MY PC\.m2\repository\org\apache\httpcomponents\httpmime\4.5.2\httpmime-4.5.2.jar;C:\Users\MY PC\.m2\repository\org\jsoup\jsoup\1.9.2\jsoup-1.9.2.jar;C:\Users\MY PC\.m2\repository\com\google\code\gson\gson\2.8.0\gson-2.8.0.jar;C:\Users\MY PC\.m2\repository\commons-io\commons-io\2.6\commons-io-2.6.jar;C:\Users\MY PC\.m2\repository\org\apache\poi\poi\3.11\poi-3.11.jar;C:\Users\MY PC\.m2\repository\commons-codec\commons-codec\1.9\commons-codec-1.9.jar;C:\Users\MY PC\.m2\repository\org\apache\poi\poi-ooxml\3.11\poi-ooxml-3.11.jar;C:\Users\MY PC\.m2\repository\org\seleniumhq\selenium\selenium-java\3.141.59\selenium-java-3.141.59.jar;C:\Users\MY PC\.m2\repository\org\seleniumhq\selenium\selenium-api\3.141.59\selenium-api-3.141.59.jar;C:\Users\MY PC\.m2\repository\org\seleniumhq\selenium\sele
Launcher Type: SUN_STANDARD

[Global flags]
     intx CICompilerCount                          = 4                                         {product} {ergonomic}
     uint ConcGCThreads                            = 2                                         {product} {ergonomic}
     uint G1ConcRefinementThreads                  = 8                                         {product} {ergonomic}
   size_t G1HeapRegionSize                         = 2097152                                   {product} {ergonomic}
    uintx GCDrainStackTargetSize                   = 64                                        {product} {ergonomic}
   size_t InitialHeapSize                          = 266338304                                 {product} {ergonomic}
   size_t MarkStackSize                            = 4194304                                   {product} {ergonomic}
   size_t MaxHeapSize                              = 4234149888                                {product} {ergonomic}
   size_t MinHeapDeltaBytes                        = 2097152                                   {product} {ergonomic}
   size_t MinHeapSize                              = 8388608                                   {product} {ergonomic}
    uintx NonNMethodCodeHeapSize                   = 5839372                                {pd product} {ergonomic}
    uintx NonProfiledCodeHeapSize                  = 122909434                              {pd product} {ergonomic}
    uintx ProfiledCodeHeapSize                     = 122909434                              {pd product} {ergonomic}
    uintx ReservedCodeCacheSize                    = 251658240                              {pd product} {ergonomic}
     bool SegmentedCodeCache                       = true                                      {product} {ergonomic}
     bool ShowCodeDetailsInExceptionMessages       = true                                   {manageable} {command line}
   size_t SoftMaxHeapSize                          = 4234149888                             {manageable} {ergonomic}
     bool UseCompressedClassPointers               = true                                 {lp64_product} {ergonomic}
     bool UseCompressedOops                        = true                                 {lp64_product} {ergonomic}
     bool UseG1GC                                  = true                                      {product} {ergonomic}
     bool UseLargePagesIndividualAllocation        = false                                  {pd product} {ergonomic}

Logging:
Log output configuration:
 #0: stdout all=warning uptime,level,tags
 #1: stderr all=off uptime,level,tags

Environment Variables:
JAVA_HOME=C:\Program Files\Java\jdk1.8.0_281
CLASSPATH=;C:\Program Files\Java\jre1.8.0_281\lib
PATH=C:/Users/MY PC/.p2/pool/plugins/org.eclipse.justj.openjdk.hotspot.jre.full.win32.x86_64_15.0.2.v20210201-0955/jre/bin/server;C:/Users/MY PC/.p2/pool/plugins/org.eclipse.justj.openjdk.hotspot.jre.full.win32.x86_64_15.0.2.v20210201-0955/jre/bin;C:\Android_SDK\tools;C:\Android_SDK\tools\bin;C:\Android_SDK\platform-tools;C:\Program Files\Java\jre1.8.0_281\bin;C:\windows\system32;C:\windows;C:\windows\System32\Wbem;C:\windows\System32\WindowsPowerShell\v1.0\;C:\windows\System32\OpenSSH\;C:\Program Files\nodejs\;C:\Program Files\Java\jdk1.8.0_281\bin;C:\Users\MY PC\scoop\shims;C:\Users\MY PC\AppData\Local\Programs\Python\Python39\Scripts\;C:\Users\MY PC\AppData\Local\Programs\Python\Python39\;C:\Users\MY PC\AppData\Local\Microsoft\WindowsApps;C:\Program Files\Java\jdk1.8.0_281\bin;;C:\Program Files\JetBrains\IntelliJ IDEA Community Edition 2020.3.3\bin;;C:\Users\MY PC\AppData\Roaming\npm;C:\Program Files\JetBrains\PyCharm Community Edition 2020.3.5\bin;;C:\Users\MY PC\AppData\Local\Programs\Microsoft VS Code\bin;C:\Users\MY PC\Desktop;
USERNAME=Murali
OS=Windows_NT
PROCESSOR_IDENTIFIER=Intel64 Family 6 Model 140 Stepping 1, GenuineIntel



---------------  S Y S T E M  ---------------

OS:
 Windows 10 , 64 bit Build 19041 (10.0.19041.928)
OS uptime: 3 days 5:23 hours

CPU: total 8 (initial active 8) (4 cores per cpu, 2 threads per core) family 6 model 140 stepping 1 microcode 0x86, cmov, cx8, fxsr, mmx, sse, sse2, sse3, ssse3, sse4.1, sse4.2, popcnt, vzeroupper, avx, avx2, aes, clmul, erms, 3dnowpref, lzcnt, ht, tsc, tscinvbit, bmi1, bmi2, adx, avx512f, avx512dq, avx512cd, avx512bw, avx512vl, avx512_vpopcntdq, avx512_vpclmulqdq, avx512_vbmi, avx512_vbmi2, avx512_vaes, avx512_vnni, sha, fma, clflush, clflushopt, clwb

Memory: 4k page, system-wide physical 16149M (3389M free)
TotalPageFile size 47519M (AvailPageFile size 214M)
current process WorkingSet (physical memory assigned to process): 10M, peak: 10M
current process commit charge ("private bytes"): 60M, peak: 314M

vm_info: OpenJDK 64-Bit Server VM (15.0.2+7-27) for windows-amd64 JRE (15.0.2+7-27), built on Dec  7 2020 20:02:38 by "mach5one" with unknown MS VC++:1925

END.
